<?xml version="1.0" encoding="UTF-8"?>
<testsuite xmlns:xsi="http://www.w3.org/2001/XMLSchema-instance" xsi:noNamespaceSchemaLocation="https://maven.apache.org/surefire/maven-surefire-plugin/xsd/surefire-test-report.xsd" version="3.0.2" name="com.dbtraining.reconx.SwaggerDocsIntegrationTest" time="56.458" tests="1" errors="0" skipped="0" failures="0">
  <properties>
[...]
</properties>
  <testcase name="openApiDocsEndpointShouldReturnOk" classname="com.dbtraining.reconx.SwaggerDocsIntegrationTest" time="4.669">
    <system-out><![CDATA[14:11:21.788 [main] INFO org.springframework.test.context.support.AnnotationConfigContextLoaderUtils -- Could not detect default configuration classes for test class [com.dbtraining.reconx.SwaggerDocsIntegrationTest]: SwaggerDocsIntegrationTest does not declare any static, non-private, non-final, nested classes annotated with @Configuration.
14:11:22.706 [main] INFO org.springframework.boot.test.context.SpringBootTestContextBootstrapper -- Found @SpringBootConfiguration com.dbtraining.reconx.ReconxApplication for test class com.dbtraining.reconx.SwaggerDocsIntegrationTest

  .   ____          _            __ _ _
 /\\ / ___'_ __ _ _(_)_ __  __ _ \ \ \ \
( ( )\___ | '_ | '_| | '_ \/ _` | \ \ \ \
 \\/  ___)| |_)| | | | | || (_| |  ) ) ) )
  '  |____| .__|_| |_|_| |_\__, | / / / /
 =========|_|==============|___/=/_/_/_/

 :: Spring Boot ::                (v3.5.0)

14:11:26.851 [background-preinit] INFO    o.h.validator.internal.util.Version - HV000001: Hibernate Validator 8.0.2.Final
14:11:27.229 [main] INFO    c.d.r.SwaggerDocsIntegrationTest - Starting SwaggerDocsIntegrationTest using Java 21.0.11 with PID 15820 (started by srabh in C:\Users\srabh\deepak_cohort\db2026-reconX\backend)
14:11:27.231 [main] DEBUG   c.d.r.SwaggerDocsIntegrationTest - Running with Spring Boot v3.5.0, Spring v6.2.7
14:11:27.234 [main] INFO    c.d.r.SwaggerDocsIntegrationTest - The following 1 profile is active: "dev"
14:11:35.721 [main] INFO    o.s.d.r.c.RepositoryConfigurationDelegate - Bootstrapping Spring Data JPA repositories in DEFAULT mode.
14:11:36.211 [main] INFO    o.s.d.r.c.RepositoryConfigurationDelegate - Finished Spring Data repository scanning in 428 ms. Found 6 JPA repository interfaces.
14:11:41.196 [main] INFO    com.zaxxer.hikari.HikariDataSource - HikariPool-1 - Starting...
14:11:42.462 [main] INFO    com.zaxxer.hikari.pool.HikariPool - HikariPool-1 - Added connection conn0: url=jdbc:h2:mem:reconx user=SA
14:11:42.473 [main] INFO    com.zaxxer.hikari.HikariDataSource - HikariPool-1 - Start completed.
14:11:42.856 [main] INFO    liquibase.database - Set default schema name to public
14:11:45.457 [main] INFO    liquibase.changelog - Creating database history table with name: public.DATABASECHANGELOG
14:11:45.925 [main] INFO    liquibase.changelog - Reading from public.DATABASECHANGELOG
14:11:46.761 [main] INFO    liquibase.snapshot - Creating snapshot
14:11:47.439 [main] INFO    liquibase.lockservice - Successfully acquired change log lock
14:11:47.443 [main] INFO    liquibase.command - Using deploymentId: 5409901078
14:11:47.450 [main] INFO    liquibase.changelog - Reading from public.DATABASECHANGELOG
14:11:47.690 [main] INFO    liquibase.ui - Running Changeset: db/changelog/changes/001-init.xml::001-init-tag::trainer
14:11:47.702 [main] INFO    liquibase.changelog - Tag 'v1.0.0-init' applied to database
14:11:47.704 [main] INFO    liquibase.changelog - ChangeSet db/changelog/changes/001-init.xml::001-init-tag::trainer ran successfully in 10ms
14:11:47.738 [main] INFO    liquibase.ui - Running Changeset: db/changelog/changes/002-schema.xml::002-create-counterparties::trainer
14:11:47.787 [main] INFO    liquibase.changelog - Table counterparties created
14:11:47.788 [main] INFO    liquibase.changelog - ChangeSet db/changelog/changes/002-schema.xml::002-create-counterparties::trainer ran successfully in 48ms
14:11:47.804 [main] INFO    liquibase.ui - Running Changeset: db/changelog/changes/002-schema.xml::002-create-instruments::trainer
14:11:47.824 [main] INFO    liquibase.changelog - Table instruments created
14:11:47.825 [main] INFO    liquibase.changelog - ChangeSet db/changelog/changes/002-schema.xml::002-create-instruments::trainer ran successfully in 19ms
14:11:47.852 [main] INFO    liquibase.ui - Running Changeset: db/changelog/changes/002-schema.xml::002-create-trades::trainer
14:11:47.880 [main] INFO    liquibase.changelog - Table trades created
14:11:47.913 [main] INFO    liquibase.changelog - Foreign key constraint added to trades (instrument_id)
14:11:47.922 [main] INFO    liquibase.changelog - Foreign key constraint added to trades (counterparty_id)
14:11:47.933 [main] INFO    liquibase.changelog - Index idx_trades_trade_date created
14:11:47.939 [main] INFO    liquibase.changelog - Index idx_trades_status created
14:11:47.940 [main] INFO    liquibase.changelog - ChangeSet db/changelog/changes/002-schema.xml::002-create-trades::trainer ran successfully in 87ms
14:11:47.962 [main] INFO    liquibase.ui - Running Changeset: db/changelog/changes/002-schema.xml::002-create-settlements::trainer
14:11:47.977 [main] INFO    liquibase.changelog - Table settlements created
14:11:47.991 [main] INFO    liquibase.changelog - Foreign key constraint added to settlements (trade_id)
14:11:47.991 [main] INFO    liquibase.changelog - ChangeSet db/changelog/changes/002-schema.xml::002-create-settlements::trainer ran successfully in 28ms
14:11:48.002 [main] INFO    liquibase.ui - Running Changeset: db/changelog/changes/003-jsonb.xml::003-jsonb-on-instruments::trainer
14:11:48.012 [main] INFO    liquibase.changelog - Marking ChangeSet: "db/changelog/changes/003-jsonb.xml::003-jsonb-on-instruments::trainer" as ran despite precondition failure due to onFail='MARK_RAN': 
          db/changelog/db.changelog-master.xml : DBMS Precondition failed: expected postgresql, got h2

14:11:48.022 [main] INFO    liquibase.ui - Running Changeset: db/changelog/changes/004-partitioning.xml::004-trades-drop-nonpartitioned::student
14:11:48.024 [main] INFO    liquibase.changelog - Marking ChangeSet: "db/changelog/changes/004-partitioning.xml::004-trades-drop-nonpartitioned::student" as ran despite precondition failure due to onFail='MARK_RAN': 
          db/changelog/db.changelog-master.xml : DBMS Precondition failed: expected postgresql, got h2

14:11:48.035 [main] INFO    liquibase.ui - Running Changeset: db/changelog/changes/004-partitioning.xml::004-trades-partitioned-parent::student
14:11:48.037 [main] INFO    liquibase.changelog - Marking ChangeSet: "db/changelog/changes/004-partitioning.xml::004-trades-partitioned-parent::student" as ran despite precondition failure due to onFail='MARK_RAN': 
          db/changelog/db.changelog-master.xml : DBMS Precondition failed: expected postgresql, got h2

14:11:48.048 [main] INFO    liquibase.ui - Running Changeset: db/changelog/changes/004-partitioning.xml::004-trades-monthly-partitions::student
14:11:48.050 [main] INFO    liquibase.changelog - Marking ChangeSet: "db/changelog/changes/004-partitioning.xml::004-trades-monthly-partitions::student" as ran despite precondition failure due to onFail='MARK_RAN': 
          db/changelog/db.changelog-master.xml : DBMS Precondition failed: expected postgresql, got h2

14:11:48.057 [main] INFO    liquibase.ui - Running Changeset: db/changelog/changes/005-mat-views.xml::005-mv-daily-recon-summary::trainer
14:11:48.058 [main] INFO    liquibase.changelog - Marking ChangeSet: "db/changelog/changes/005-mat-views.xml::005-mv-daily-recon-summary::trainer" as ran despite precondition failure due to onFail='MARK_RAN': 
          db/changelog/db.changelog-master.xml : DBMS Precondition failed: expected postgresql, got h2

14:11:48.082 [main] INFO    liquibase.ui - Running Changeset: db/changelog/changes/006-audit-and-recon.xml::006-create-audit-log::trainer
14:11:48.105 [main] INFO    liquibase.changelog - Table audit_log created
14:11:48.113 [main] INFO    liquibase.changelog - Index idx_audit_log_trade_ref created
14:11:48.114 [main] INFO    liquibase.changelog - ChangeSet db/changelog/changes/006-audit-and-recon.xml::006-create-audit-log::trainer ran successfully in 30ms
14:11:48.126 [main] INFO    liquibase.ui - Running Changeset: db/changelog/changes/006-audit-and-recon.xml::006-create-recon-breaks::trainer
14:11:48.142 [main] INFO    liquibase.changelog - Table recon_breaks created
14:11:48.143 [main] INFO    liquibase.changelog - ChangeSet db/changelog/changes/006-audit-and-recon.xml::006-create-recon-breaks::trainer ran successfully in 17ms
14:11:48.206 [main] INFO    liquibase.ui - Running Changeset: db/changelog/changes/006-audit-and-recon.xml::006-add-recon-breaks-fk-nonpartitioned::trainer
14:11:48.219 [main] INFO    liquibase.snapshot - Creating snapshot
14:11:48.251 [main] INFO    liquibase.changelog - Foreign key constraint added to recon_breaks (trade_id)
14:11:48.253 [main] INFO    liquibase.changelog - ChangeSet db/changelog/changes/006-audit-and-recon.xml::006-add-recon-breaks-fk-nonpartitioned::trainer ran successfully in 46ms
14:11:48.292 [main] INFO    liquibase.ui - Running Changeset: db/changelog/changes/006-audit-and-recon.xml::006-create-recon-jobs::trainer
14:11:48.321 [main] INFO    liquibase.changelog - Table recon_jobs created
14:11:48.323 [main] INFO    liquibase.changelog - ChangeSet db/changelog/changes/006-audit-and-recon.xml::006-create-recon-jobs::trainer ran successfully in 27ms
14:11:48.339 [main] INFO    liquibase.ui - Running Changeset: db/changelog/changes/007-users-rbac.xml::007-create-users::trainer
14:11:48.357 [main] INFO    liquibase.changelog - Table users created
14:11:48.358 [main] INFO    liquibase.changelog - ChangeSet db/changelog/changes/007-users-rbac.xml::007-create-users::trainer ran successfully in 19ms
14:11:48.376 [main] INFO    liquibase.ui - Running Changeset: db/changelog/changes/008-seed.xml::008-seed-counterparties::trainer
14:11:48.466 [main] INFO    liquibase.statement - Executing JDBC DML batch was successful. 10 operations were executed, 1 individual UPDATE events were confirmed by the database.
14:11:48.468 [main] INFO    liquibase.changelog - Data loaded from 'data/counterparties.csv' into table 'counterparties'
14:11:48.469 [main] INFO    liquibase.changelog - ChangeSet db/changelog/changes/008-seed.xml::008-seed-counterparties::trainer ran successfully in 92ms
14:11:48.488 [main] INFO    liquibase.ui - Running Changeset: db/changelog/changes/008-seed.xml::008-seed-instruments::trainer
14:11:48.510 [main] INFO    liquibase.statement - Using java.sql.Types.NULL to set null value for type STRING
14:11:48.512 [main] INFO    liquibase.statement - Using java.sql.Types.NULL to set null value for type STRING
14:11:48.519 [main] INFO    liquibase.statement - Using java.sql.Types.NULL to set null value for type STRING
14:11:48.536 [main] INFO    liquibase.statement - Executing JDBC DML batch was successful. 15 operations were executed, 1 individual UPDATE events were confirmed by the database.
14:11:48.536 [main] INFO    liquibase.changelog - Data loaded from 'data/instruments.csv' into table 'instruments'
14:11:48.538 [main] INFO    liquibase.changelog - ChangeSet db/changelog/changes/008-seed.xml::008-seed-instruments::trainer ran successfully in 50ms
14:11:48.562 [main] INFO    liquibase.ui - Running Changeset: db/changelog/changes/008-seed.xml::008-seed-users::trainer
14:11:48.570 [main] INFO    liquibase.changelog - New row inserted into users
14:11:48.575 [main] INFO    liquibase.changelog - New row inserted into users
14:11:48.582 [main] INFO    liquibase.changelog - New row inserted into users
14:11:48.588 [main] INFO    liquibase.changelog - New row inserted into users
14:11:48.589 [main] INFO    liquibase.changelog - ChangeSet db/changelog/changes/008-seed.xml::008-seed-users::trainer ran successfully in 26ms
14:11:48.627 [main] INFO    liquibase.util - UPDATE SUMMARY
14:11:48.627 [main] INFO    liquibase.util - Run:                         18
14:11:48.628 [main] INFO    liquibase.util - Previously run:               0
14:11:48.629 [main] INFO    liquibase.util - Filtered out:                 0
14:11:48.630 [main] INFO    liquibase.util - -------------------------------
14:11:48.630 [main] INFO    liquibase.util - Total change sets:           18
14:11:48.635 [main] INFO    liquibase.util - Update summary generated
14:11:48.650 [main] INFO    liquibase.command - Update command completed successfully.
14:11:48.651 [main] INFO    liquibase.ui - Liquibase: Update has been successful. Rows affected: 22
14:11:48.660 [main] INFO    liquibase.lockservice - Successfully released change log lock
14:11:48.667 [main] INFO    liquibase.command - Command execution complete
14:11:51.044 [main] INFO    o.h.jpa.internal.util.LogHelper - HHH000204: Processing PersistenceUnitInfo [name: default]
14:11:51.397 [main] INFO    org.hibernate.Version - HHH000412: Hibernate ORM core version 6.6.15.Final
14:11:51.617 [main] INFO    o.h.c.i.RegionFactoryInitiator - HHH000026: Second-level cache disabled
14:11:52.038 [main] INFO    o.h.e.b.internal.EnversServiceImpl - Envers integration enabled? : true
14:11:52.292 [main] WARN    org.hibernate.orm.deprecation - HHH90000025: H2Dialect does not need to be specified explicitly using 'hibernate.dialect' (remove the property setting and it will be selected by default)
14:11:52.357 [main] INFO    o.hibernate.orm.connections.pooling - HHH10001005: Database info:
	Database JDBC URL [Connecting through datasource 'HikariDataSource (HikariPool-1)']
	Database driver: undefined/unknown
	Database version: 2.3.232
	Autocommit mode: undefined/unknown
	Isolation level: undefined/unknown
	Minimum pool size: undefined/unknown
	Maximum pool size: undefined/unknown
14:11:53.354 [main] INFO    o.s.o.j.p.SpringPersistenceUnitInfo - No LoadTimeWeaver setup: ignoring JPA class transformer
14:11:59.767 [main] INFO    o.h.e.t.j.p.i.JtaPlatformInitiator - HHH000489: No JTA platform available (set 'hibernate.transaction.jta.platform' to enable JTA platform integration)
14:11:59.956 [main] INFO    o.s.o.j.LocalContainerEntityManagerFactoryBean - Initialized JPA EntityManagerFactory for persistence unit 'default'
14:12:02.276 [main] INFO    o.s.d.j.r.query.QueryEnhancerFactory - Hibernate is in classpath; If applicable, HQL parser will be used.
14:12:07.293 [main] WARN    o.s.b.a.s.s.UserDetailsServiceAutoConfiguration - 

Using generated security password: 3b09e3c5-c2a7-4a9a-bffe-92b484f9e727

This generated password is for development use only. Your security configuration must be updated before running your application in production.

14:12:07.336 [main] INFO    o.s.s.c.a.a.c.InitializeUserDetailsBeanManagerConfigurer$InitializeUserDetailsManagerConfigurer - Global AuthenticationManager configured with UserDetailsService bean with name inMemoryUserDetailsManager
14:12:11.099 [main] WARN    i.m.c.i.b.cache.CaffeineCacheMetrics - The cache 'instruments' is not recording statistics. No meters except 'cache.size' will be registered. Call 'Caffeine#recordStats()' prior to building the cache for metrics to be recorded.
14:12:11.109 [main] WARN    i.m.c.i.b.cache.CaffeineCacheMetrics - The cache 'counterparties' is not recording statistics. No meters except 'cache.size' will be registered. Call 'Caffeine#recordStats()' prior to building the cache for metrics to be recorded.
14:12:11.450 [main] INFO    o.s.b.a.h.H2ConsoleAutoConfiguration - H2 console available at '/h2'. Database available at 'jdbc:h2:mem:reconx'
14:12:11.725 [main] INFO    o.s.b.a.e.web.EndpointLinksResolver - Exposing 5 endpoints beneath base path '/actuator'
14:12:12.069 [main] DEBUG   c.d.r.s.JwtAuthenticationFilter - Filter 'jwtAuthenticationFilter' configured for use
14:12:12.072 [main] INFO    o.s.b.t.m.w.SpringBootMockServletContext - Initializing Spring TestDispatcherServlet ''
14:12:12.072 [main] INFO    o.s.t.w.s.TestDispatcherServlet - Initializing Servlet ''
14:12:12.075 [main] INFO    o.s.t.w.s.TestDispatcherServlet - Completed initialization in 1 ms
14:12:12.396 [main] INFO    c.d.r.SwaggerDocsIntegrationTest - Started SwaggerDocsIntegrationTest in 48.619 seconds (process running for 56.717)
14:12:17.031 [main] INFO  72acf1c9-51a7-48d3-86fa-de1d8f1e755d  o.s.api.AbstractOpenApiResource - Init duration for springdoc-openapi is: 2578 ms
]]></system-out>
    <system-err><![CDATA[Mockito is currently self-attaching to enable the inline-mock-maker. This will no longer work in future releases of the JDK. Please add Mockito as an agent to your build as described in Mockito's documentation: https://javadoc.io/doc/org.mockito/mockito-core/latest/org.mockito/org/mockito/Mockito.html#0.3
WARNING: A Java agent has been loaded dynamically (C:\Users\srabh\.m2\repository\net\bytebuddy\byte-buddy-agent\1.17.5\byte-buddy-agent-1.17.5.jar)
WARNING: If a serviceability tool is in use, please run with -XX:+EnableDynamicAgentLoading to hide this warning
WARNING: If a serviceability tool is not in use, please run with -Djdk.instrument.traceUsage for more information
WARNING: Dynamic loading of agents will be disallowed by default in a future release
]]></system-err>
  </testcase>
</testsuite>